
================================================================================
Component Test started at: 2026-02-22 11:01:46
================================================================================


  FAILED: app/page.tsx caused build error

  Error:  > paperstation-introduction-page@1.8.0 build D:\Desktop\Ruanm-Work\PaperStation\intro > next build  â–² Next.js 16.1.6 (Turbopack)    Creating an optimized production build ... System.Management.Automation.RemoteException thread 'tokio-runtime-worker' (18364) panicked at C:\actions-runner\_work\next.js\next.js\turbopack\crates\turbo-tasks-backend\src\backend\mod.rs:1526:13: Dependency tracking is disabled so invalidation is not allowed note: run with `RUST_BACKTRACE=1` environment variable to display a backtrace System.Management.Automation.RemoteException thread 'tokio-runtime-worker' (3816) panicked at C:\actions-runner\_work\next.js\next.js\turbopack\crates\turbo-tasks-backend\src\backend\mod.rs:1526:13: Dependency tracking is disabled so invalidation is not allowed System.Management.Automation.RemoteException ----- [1m[31mFATAL[39m[0m: An unexpected Turbopack error occurred. A panic log has been written to C:\Users\xmt20\AppData\Local\Temp\next-panic-f2e0649c41463cd6a130475d9e8df1fe.log. System.Management.Automation.RemoteException To help make Turbopack better, report this error by ]8;;https://github.com/vercel/next.js/discussions/new?category=turbopack-error-report&title=Turbopack%20Error%3A%20Dependency%20tracking%20is%20disabled%20so%20invalidation%20is%20not%20allowed%20at%20C%3A%5Cactions-runner%5C_work%5Cnext.js%5Cnext.js%5Cturbopack%5Ccrates%5Cturbo-tasks-backend%5Csrc%5Cbackend%5Cmod.rs%3A1526%3A13&body=Turbopack%20version%3A%20%6023c46498%60%0ANext.js%20version%3A%20%600.0.0%60%0A%0AError%20message%3A%0A%60%60%60%0ADependency%20tracking%20is%20disabled%20so%20invalidation%20is%20not%20allowed%20at%20C%3A%5Cactions-runner%5C_work%5Cnext.js%5Cnext.js%5Cturbopack%5Ccrates%5Cturbo-tasks-backend%5Csrc%5Cbackend%5Cmod.rs%3A1526%3A13%0A%60%60%60&labels=Turbopack,Turbopack%20Panic%20Backtrace\clicking here.]8;;\ ----- System.Management.Automation.RemoteException System.Management.Automation.RemoteException > Build error occurred Error [TurbopackInternalError]: Dependency tracking is disabled so invalidation is not allowed at C:\actions-runner\_work\next.js\next.js\turbopack\crates\turbo-tasks-backend\src\backend\mod.rs:1526:13     at <unknown> (TurbopackInternalError: Dependency tracking is disabled so invalidation is not allowed at C:\actions-runner\_work\next.js\next.js\turbopack\crates\turbo-tasks-backend\src\backend\mod.rs:1526:13) {   type: 'TurbopackInternalError',   location: 'C:\\actions-runner\\_work\\next.js\\next.js\\turbopack\\crates\\turbo-tasks-backend\\src\\backend\\mod.rs:1526:13' } â€‰ELIFECYCLEâ€‰ Command failed with exit code 1.



PROBLEMATIC COMPONENT: app/page.tsx


================================================================================
Component Test started at: 2026-02-22 11:11:50
================================================================================


  FAILED: app/page.tsx caused build error

  Error:  > paperstation-introduction-page@1.8.0 build D:\Desktop\Ruanm-Work\PaperStation\intro > next build  â–² Next.js 16.1.6 (Turbopack)    Creating an optimized production build ... System.Management.Automation.RemoteException thread 'tokio-runtime-worker' (16292) panicked at C:\actions-runner\_work\next.js\next.js\turbopack\crates\turbo-tasks-backend\src\backend\mod.rs:1526:13: Dependency tracking is disabled so invalidation is not allowed note: run with `RUST_BACKTRACE=1` environment variable to display a backtrace System.Management.Automation.RemoteException thread 'tokio-runtime-worker' (8240) panicked at C:\actions-runner\_work\next.js\next.js\turbopack\crates\turbo-tasks-backend\src\backend\mod.rs:1526:13: Dependency tracking is disabled so invalidation is not allowed System.Management.Automation.RemoteException ----- [1m[31mFATAL[39m[0m: An unexpected Turbopack error occurred. A panic log has been written to C:\Users\xmt20\AppData\Local\Temp\next-panic-7fa8cacceb87c8af689d1816d8ae96b8.log. System.Management.Automation.RemoteException To help make Turbopack better, report this error by ]8;;https://github.com/vercel/next.js/discussions/new?category=turbopack-error-report&title=Turbopack%20Error%3A%20Dependency%20tracking%20is%20disabled%20so%20invalidation%20is%20not%20allowed%20at%20C%3A%5Cactions-runner%5C_work%5Cnext.js%5Cnext.js%5Cturbopack%5Ccrates%5Cturbo-tasks-backend%5Csrc%5Cbackend%5Cmod.rs%3A1526%3A13&body=Turbopack%20version%3A%20%6023c46498%60%0ANext.js%20version%3A%20%600.0.0%60%0A%0AError%20message%3A%0A%60%60%60%0ADependency%20tracking%20is%20disabled%20so%20invalidation%20is%20not%20allowed%20at%20C%3A%5Cactions-runner%5C_work%5Cnext.js%5Cnext.js%5Cturbopack%5Ccrates%5Cturbo-tasks-backend%5Csrc%5Cbackend%5Cmod.rs%3A1526%3A13%0A%60%60%60&labels=Turbopack,Turbopack%20Panic%20Backtrace\clicking here.]8;;\ ----- System.Management.Automation.RemoteException System.Management.Automation.RemoteException > Build error occurred Error [TurbopackInternalError]: Dependency tracking is disabled so invalidation is not allowed at C:\actions-runner\_work\next.js\next.js\turbopack\crates\turbo-tasks-backend\src\backend\mod.rs:1526:13     at <unknown> (TurbopackInternalError: Dependency tracking is disabled so invalidation is not allowed at C:\actions-runner\_work\next.js\next.js\turbopack\crates\turbo-tasks-backend\src\backend\mod.rs:1526:13) {   type: 'TurbopackInternalError',   location: 'C:\\actions-runner\\_work\\next.js\\next.js\\turbopack\\crates\\turbo-tasks-backend\\src\\backend\\mod.rs:1526:13' } â€‰ELIFECYCLEâ€‰ Command failed with exit code 1.



PROBLEMATIC COMPONENT: app/page.tsx

