Error
Warn
Info
================================================================================
Build started at: 2026-02-22 10:39:13
RUST_BACKTRACE=full enabled
================================================================================


Build Output:
 > paperstation-introduction-page@1.8.0 build D:\Desktop\Ruanm-Work\PaperStation\intro > next build  ¡ø Next.js 16.1.6 (Turbopack)    Creating an optimized production build ... System.Management.Automation.RemoteException thread 'tokio-runtime-worker' (12644) panicked at C:\actions-runner\_work\next.js\next.js\turbopack\crates\turbo-tasks-backend\src\backend\mod.rs:1526:13: Dependency tracking is disabled so invalidation is not allowed stack backtrace:    0:     0x7ffff90937b2 - napi_register_module_v1    1:     0x7ffff909b98a - napi_register_module_v1    2:     0x7ffff906b617 - napi_register_module_v1    3:     0x7ffff907ec65 - napi_register_module_v1    4:     0x7ffff9085149 - napi_register_module_v1    5:     0x7ffff9084f38 - napi_register_module_v1    6:     0x7ffff9085a0a - napi_register_module_v1    7:     0x7ffff9085762 - napi_register_module_v1    8:     0x7ffff907ee6f - napi_register_module_v1    9:     0x7ffff906738e - napi_register_module_v1   10:     0x7ffffb6a3591 - wasmer_vm_throw   11:     0x7ffff680d6d8 - BrotliDecoderSetParameter   12:     0x7ffff65583c8 - BrotliDecoderSetParameter   13:     0x7ffff88cd25f - BrotliDecoderVersion   14:     0x7ffff88892c8 - BrotliDecoderVersion   15:     0x7ffff88c8a80 - BrotliDecoderVersion   16:     0x7ffff79ec745 - BrotliDecoderVersion   17:     0x7ffff78e32e1 - BrotliDecoderVersion   18:     0x7ffff79ebeb3 - BrotliDecoderVersion   19:     0x7ffff7a12cbb - BrotliDecoderVersion   20:     0x7ffff79a5830 - BrotliDecoderVersion   21:     0x7ffff79a5de5 - BrotliDecoderVersion   22:     0x7ffff79a675a - BrotliDecoderVersion   23:     0x7ffff79a73d3 - BrotliDecoderVersion   24:     0x7ffff904b96f - napi_register_module_v1   25:     0x7ffff904a1e3 - napi_register_module_v1   26:     0x7ffff902914b - napi_register_module_v1   27:     0x7ffff9035dba - napi_register_module_v1   28:     0x7ffff90472a6 - napi_register_module_v1   29:     0x7ffff904e13a - napi_register_module_v1   30:     0x7ffff905354c - napi_register_module_v1   31:     0x7ffff9055195 - napi_register_module_v1   32:     0x7ffff901a2a7 - napi_register_module_v1   33:     0x7ffff905d1ec - napi_register_module_v1   34:     0x7ffff901bcfe - napi_register_module_v1   35:     0x7ffff902c2f4 - napi_register_module_v1   36:     0x7ffff90779bd - napi_register_module_v1   37:     0x7ff8d51ce8d7 - BaseThreadInitThunk   38:     0x7ff8d724c40c - RtlUserThreadStart System.Management.Automation.RemoteException thread 'tokio-runtime-worker' (12660) panicked at C:\actions-runner\_work\next.js\next.js\turbopack\crates\turbo-tasks-backend\src\backend\mod.rs:1526:13: Dependency tracking is disabled so invalidation is not allowed stack backtrace:    0:     0x7ffff90937b2 - napi_register_module_v1    1:     0x7ffff909b98a - napi_register_module_v1    2:     0x7ffff906b617 - napi_register_module_v1    3:     0x7ffff907ec65 - napi_register_module_v1    4:     0x7ffff9085149 - napi_register_module_v1    5:     0x7ffff9084f38 - napi_register_module_v1    6:     0x7ffff9085a0a - napi_register_module_v1    7:     0x7ffff9085762 - napi_register_module_v1    8:     0x7ffff907ee6f - napi_register_module_v1    9:     0x7ffff906738e - napi_register_module_v1   10:     0x7ffffb6a3591 - wasmer_vm_throw   11:     0x7ffff680d6d8 - BrotliDecoderSetParameter   12:     0x7ffff65583c8 - BrotliDecoderSetParameter   13:     0x7ffff88cd25f - BrotliDecoderVersion   14:     0x7ffff88892c8 - BrotliDecoderVersion   15:     0x7ffff88c8a80 - BrotliDecoderVersion   16:     0x7ffff79ec745 - BrotliDecoderVersion   17:     0x7ffff78e32e1 - BrotliDecoderVersion   18:     0x7ffff79ebeb3 - BrotliDecoderVersion   19:     0x7ffff7a12cbb - BrotliDecoderVersion   20:     0x7ffff79a5830 - BrotliDecoderVersion   21:     0x7ffff79a5de5 - BrotliDecoderVersion   22:     0x7ffff79a675a - BrotliDecoderVersion   23:     0x7ffff79a73d3 - BrotliDecoderVersion   24:     0x7ffff904b96f - napi_register_module_v1   25:     0x7ffff904a1e3 - napi_register_module_v1   26:     0x7ffff902914b - napi_register_module_v1   27:     0x7ffff9035dba - napi_register_module_v1   28:     0x7ffff90472a6 - napi_register_module_v1   29:     0x7ffff904e13a - napi_register_module_v1   30:     0x7ffff905354c - napi_register_module_v1   31:     0x7ffff9055195 - napi_register_module_v1   32:     0x7ffff901a2a7 - napi_register_module_v1   33:     0x7ffff905d1ec - napi_register_module_v1   34:     0x7ffff901bcfe - napi_register_module_v1   35:     0x7ffff902c2f4 - napi_register_module_v1   36:     0x7ffff90779bd - napi_register_module_v1   37:     0x7ff8d51ce8d7 - BaseThreadInitThunk   38:     0x7ff8d724c40c - RtlUserThreadStart System.Management.Automation.RemoteException ----- [1m[31mFATAL[39m[0m: An unexpected Turbopack error occurred. A panic log has been written to C:\Users\xmt20\AppData\Local\Temp\next-panic-e5732efc960b222768598c683c2fbcc2.log. System.Management.Automation.RemoteException To help make Turbopack better, report this error by ]8;;https://github.com/vercel/next.js/discussions/new?category=turbopack-error-report&title=Turbopack%20Error%3A%20Dependency%20tracking%20is%20disabled%20so%20invalidation%20is%20not%20allowed%20at%20C%3A%5Cactions-runner%5C_work%5Cnext.js%5Cnext.js%5Cturbopack%5Ccrates%5Cturbo-tasks-backend%5Csrc%5Cbackend%5Cmod.rs%3A1526%3A13&body=Turbopack%20version%3A%20%6023c46498%60%0ANext.js%20version%3A%20%600.0.0%60%0A%0AError%20message%3A%0A%60%60%60%0ADependency%20tracking%20is%20disabled%20so%20invalidation%20is%20not%20allowed%20at%20C%3A%5Cactions-runner%5C_work%5Cnext.js%5Cnext.js%5Cturbopack%5Ccrates%5Cturbo-tasks-backend%5Csrc%5Cbackend%5Cmod.rs%3A1526%3A13%0A%60%60%60&labels=Turbopack,Turbopack%20Panic%20Backtrace\clicking here.]8;;\ ----- System.Management.Automation.RemoteException System.Management.Automation.RemoteException > Build error occurred Error [TurbopackInternalError]: Dependency tracking is disabled so invalidation is not allowed at C:\actions-runner\_work\next.js\next.js\turbopack\crates\turbo-tasks-backend\src\backend\mod.rs:1526:13     at <unknown> (TurbopackInternalError: Dependency tracking is disabled so invalidation is not allowed at C:\actions-runner\_work\next.js\next.js\turbopack\crates\turbo-tasks-backend\src\backend\mod.rs:1526:13) {   type: 'TurbopackInternalError',   location: 'C:\\actions-runner\\_work\\next.js\\next.js\\turbopack\\crates\\turbo-tasks-backend\\src\\backend\\mod.rs:1526:13' } ?ELIFECYCLE? Command failed with exit code 1.

Exit Code: 1


================================================================================
Build started at: 2026-02-22 10:41:59
RUST_BACKTRACE=full enabled
================================================================================


Build Output:
 > paperstation-introduction-page@1.8.0 build D:\Desktop\Ruanm-Work\PaperStation\intro > next build  ¡ø Next.js 16.1.6 (Turbopack)    Creating an optimized production build ... System.Management.Automation.RemoteException thread 'tokio-runtime-worker' (8256) panicked at C:\actions-runner\_work\next.js\next.js\turbopack\crates\turbo-tasks-backend\src\backend\mod.rs:1526:13: Dependency tracking is disabled so invalidation is not allowed stack backtrace:    0:     0x7ffff90937b2 - napi_register_module_v1    1:     0x7ffff909b98a - napi_register_module_v1    2:     0x7ffff906b617 - napi_register_module_v1    3:     0x7ffff907ec65 - napi_register_module_v1    4:     0x7ffff9085149 - napi_register_module_v1    5:     0x7ffff9084f38 - napi_register_module_v1    6:     0x7ffff9085a0a - napi_register_module_v1    7:     0x7ffff9085762 - napi_register_module_v1    8:     0x7ffff907ee6f - napi_register_module_v1    9:     0x7ffff906738e - napi_register_module_v1   10:     0x7ffffb6a3591 - wasmer_vm_throw   11:     0x7ffff680d6d8 - BrotliDecoderSetParameter   12:     0x7ffff65583c8 - BrotliDecoderSetParameter   13:     0x7ffff88cd25f - BrotliDecoderVersion   14:     0x7ffff88892c8 - BrotliDecoderVersion   15:     0x7ffff88c8a80 - BrotliDecoderVersion   16:     0x7ffff79ec745 - BrotliDecoderVersion   17:     0x7ffff78e32e1 - BrotliDecoderVersion   18:     0x7ffff79ebeb3 - BrotliDecoderVersion   19:     0x7ffff7a12cbb - BrotliDecoderVersion   20:     0x7ffff79a5830 - BrotliDecoderVersion   21:     0x7ffff79a5de5 - BrotliDecoderVersion   22:     0x7ffff79a675a - BrotliDecoderVersion   23:     0x7ffff79a73d3 - BrotliDecoderVersion   24:     0x7ffff904b96f - napi_register_module_v1   25:     0x7ffff904a1e3 - napi_register_module_v1   26:     0x7ffff902914b - napi_register_module_v1   27:     0x7ffff9035dba - napi_register_module_v1   28:     0x7ffff90472a6 - napi_register_module_v1   29:     0x7ffff904e13a - napi_register_module_v1   30:     0x7ffff905354c - napi_register_module_v1   31:     0x7ffff9055195 - napi_register_module_v1   32:     0x7ffff901a2a7 - napi_register_module_v1   33:     0x7ffff905d1ec - napi_register_module_v1   34:     0x7ffff901bcfe - napi_register_module_v1   35:     0x7ffff902c2f4 - napi_register_module_v1   36:     0x7ffff90779bd - napi_register_module_v1   37:     0x7ff8d51ce8d7 - BaseThreadInitThunk   38:     0x7ff8d724c40c - RtlUserThreadStart System.Management.Automation.RemoteException thread 'tokio-runtime-worker' (13756) panicked at C:\actions-runner\_work\next.js\next.js\turbopack\crates\turbo-tasks-backend\src\backend\mod.rs:1526:13: Dependency tracking is disabled so invalidation is not allowed stack backtrace:    0:     0x7ffff90937b2 - napi_register_module_v1    1:     0x7ffff909b98a - napi_register_module_v1    2:     0x7ffff906b617 - napi_register_module_v1    3:     0x7ffff907ec65 - napi_register_module_v1    4:     0x7ffff9085149 - napi_register_module_v1    5:     0x7ffff9084f38 - napi_register_module_v1    6:     0x7ffff9085a0a - napi_register_module_v1    7:     0x7ffff9085762 - napi_register_module_v1    8:     0x7ffff907ee6f - napi_register_module_v1    9:     0x7ffff906738e - napi_register_module_v1   10:     0x7ffffb6a3591 - wasmer_vm_throw   11:     0x7ffff680d6d8 - BrotliDecoderSetParameter   12:     0x7ffff65583c8 - BrotliDecoderSetParameter   13:     0x7ffff88cd25f - BrotliDecoderVersion   14:     0x7ffff88892c8 - BrotliDecoderVersion   15:     0x7ffff88c8a80 - BrotliDecoderVersion   16:     0x7ffff79ec745 - BrotliDecoderVersion   17:     0x7ffff78e32e1 - BrotliDecoderVersion   18:     0x7ffff79ebeb3 - BrotliDecoderVersion   19:     0x7ffff7a12cbb - BrotliDecoderVersion   20:     0x7ffff79a5830 - BrotliDecoderVersion   21:     0x7ffff79a5de5 - BrotliDecoderVersion   22:     0x7ffff79a675a - BrotliDecoderVersion   23:     0x7ffff79a73d3 - BrotliDecoderVersion   24:     0x7ffff904b96f - napi_register_module_v1   25:     0x7ffff904a1e3 - napi_register_module_v1   26:     0x7ffff902914b - napi_register_module_v1   27:     0x7ffff9035dba - napi_register_module_v1   28:     0x7ffff90472a6 - napi_register_module_v1   29:     0x7ffff904e13a - napi_register_module_v1   30:     0x7ffff905354c - napi_register_module_v1   31:     0x7ffff9055195 - napi_register_module_v1   32:     0x7ffff901a2a7 - napi_register_module_v1   33:     0x7ffff905d1ec - napi_register_module_v1   34:     0x7ffff901bcfe - napi_register_module_v1   35:     0x7ffff902c2f4 - napi_register_module_v1   36:     0x7ffff90779bd - napi_register_module_v1   37:     0x7ff8d51ce8d7 - BaseThreadInitThunk   38:     0x7ff8d724c40c - RtlUserThreadStart System.Management.Automation.RemoteException ----- [1m[31mFATAL[39m[0m: An unexpected Turbopack error occurred. A panic log has been written to C:\Users\xmt20\AppData\Local\Temp\next-panic-64c7e87fa490b31d43f698fb75c6276f.log. System.Management.Automation.RemoteException To help make Turbopack better, report this error by ]8;;https://github.com/vercel/next.js/discussions/new?category=turbopack-error-report&title=Turbopack%20Error%3A%20Dependency%20tracking%20is%20disabled%20so%20invalidation%20is%20not%20allowed%20at%20C%3A%5Cactions-runner%5C_work%5Cnext.js%5Cnext.js%5Cturbopack%5Ccrates%5Cturbo-tasks-backend%5Csrc%5Cbackend%5Cmod.rs%3A1526%3A13&body=Turbopack%20version%3A%20%6023c46498%60%0ANext.js%20version%3A%20%600.0.0%60%0A%0AError%20message%3A%0A%60%60%60%0ADependency%20tracking%20is%20disabled%20so%20invalidation%20is%20not%20allowed%20at%20C%3A%5Cactions-runner%5C_work%5Cnext.js%5Cnext.js%5Cturbopack%5Ccrates%5Cturbo-tasks-backend%5Csrc%5Cbackend%5Cmod.rs%3A1526%3A13%0A%60%60%60&labels=Turbopack,Turbopack%20Panic%20Backtrace\clicking here.]8;;\ ----- System.Management.Automation.RemoteException System.Management.Automation.RemoteException > Build error occurred Error [TurbopackInternalError]: Dependency tracking is disabled so invalidation is not allowed at C:\actions-runner\_work\next.js\next.js\turbopack\crates\turbo-tasks-backend\src\backend\mod.rs:1526:13     at <unknown> (TurbopackInternalError: Dependency tracking is disabled so invalidation is not allowed at C:\actions-runner\_work\next.js\next.js\turbopack\crates\turbo-tasks-backend\src\backend\mod.rs:1526:13) {   type: 'TurbopackInternalError',   location: undefined } ?ELIFECYCLE? Command failed with exit code 1.

Exit Code: 1


================================================================================
Build started at: 2026-02-22 10:43:08
RUST_BACKTRACE=full enabled
================================================================================


Build Output:
 > paperstation-introduction-page@1.8.0 build D:\Desktop\Ruanm-Work\PaperStation\intro > next build  ¡ø Next.js 16.1.6 (Turbopack) - Experiments (use with caution):   ¡¤ optimizePackageImports    Creating an optimized production build ... System.Management.Automation.RemoteException thread 'tokio-runtime-worker' (16724) panicked at C:\actions-runner\_work\next.js\next.js\turbopack\crates\turbo-tasks-backend\src\backend\mod.rs:1526:13: Dependency tracking is disabled so invalidation is not allowed stack backtrace:    0:     0x7ffff90937b2 - napi_register_module_v1    1:     0x7ffff909b98a - napi_register_module_v1    2:     0x7ffff906b617 - napi_register_module_v1    3:     0x7ffff907ec65 - napi_register_module_v1    4:     0x7ffff9085149 - napi_register_module_v1    5:     0x7ffff9084f38 - napi_register_module_v1    6:     0x7ffff9085a0a - napi_register_module_v1    7:     0x7ffff9085762 - napi_register_module_v1    8:     0x7ffff907ee6f - napi_register_module_v1    9:     0x7ffff906738e - napi_register_module_v1   10:     0x7ffffb6a3591 - wasmer_vm_throw   11:     0x7ffff680d6d8 - BrotliDecoderSetParameter   12:     0x7ffff65583c8 - BrotliDecoderSetParameter   13:     0x7ffff88cd25f - BrotliDecoderVersion   14:     0x7ffff88892c8 - BrotliDecoderVersion   15:     0x7ffff88c8a80 - BrotliDecoderVersion   16:     0x7ffff79ec745 - BrotliDecoderVersion   17:     0x7ffff78e32e1 - BrotliDecoderVersion   18:     0x7ffff79ebeb3 - BrotliDecoderVersion   19:     0x7ffff7a12cbb - BrotliDecoderVersion   20:     0x7ffff79a5830 - BrotliDecoderVersion   21:     0x7ffff79a5de5 - BrotliDecoderVersion   22:     0x7ffff79a675a - BrotliDecoderVersion   23:     0x7ffff79a73d3 - BrotliDecoderVersion   24:     0x7ffff904b96f - napi_register_module_v1   25:     0x7ffff904a1e3 - napi_register_module_v1   26:     0x7ffff902914b - napi_register_module_v1   27:     0x7ffff9035dba - napi_register_module_v1   28:     0x7ffff90472a6 - napi_register_module_v1   29:     0x7ffff904e13a - napi_register_module_v1   30:     0x7ffff905354c - napi_register_module_v1   31:     0x7ffff9055195 - napi_register_module_v1   32:     0x7ffff901a2a7 - napi_register_module_v1   33:     0x7ffff905d1ec - napi_register_module_v1   34:     0x7ffff901bcfe - napi_register_module_v1   35:     0x7ffff902c2f4 - napi_register_module_v1   36:     0x7ffff90779bd - napi_register_module_v1   37:     0x7ff8d51ce8d7 - BaseThreadInitThunk   38:     0x7ff8d724c40c - RtlUserThreadStart System.Management.Automation.RemoteException thread 'tokio-runtime-worker' (5928) panicked at C:\actions-runner\_work\next.js\next.js\turbopack\crates\turbo-tasks-backend\src\backend\mod.rs:1526:13: Dependency tracking is disabled so invalidation is not allowed stack backtrace:    0:     0x7ffff90937b2 - napi_register_module_v1    1:     0x7ffff909b98a - napi_register_module_v1    2:     0x7ffff906b617 - napi_register_module_v1    3:     0x7ffff907ec65 - napi_register_module_v1    4:     0x7ffff9085149 - napi_register_module_v1    5:     0x7ffff9084f38 - napi_register_module_v1    6:     0x7ffff9085a0a - napi_register_module_v1    7:     0x7ffff9085762 - napi_register_module_v1    8:     0x7ffff907ee6f - napi_register_module_v1    9:     0x7ffff906738e - napi_register_module_v1   10:     0x7ffffb6a3591 - wasmer_vm_throw   11:     0x7ffff680d6d8 - BrotliDecoderSetParameter   12:     0x7ffff65583c8 - BrotliDecoderSetParameter   13:     0x7ffff88cd25f - BrotliDecoderVersion   14:     0x7ffff88892c8 - BrotliDecoderVersion   15:     0x7ffff88c8a80 - BrotliDecoderVersion   16:     0x7ffff79ec745 - BrotliDecoderVersion   17:     0x7ffff78e32e1 - BrotliDecoderVersion   18:     0x7ffff79ebeb3 - BrotliDecoderVersion   19:     0x7ffff7a12cbb - BrotliDecoderVersion   20:     0x7ffff79a5830 - BrotliDecoderVersion   21:     0x7ffff79a5de5 - BrotliDecoderVersion   22:     0x7ffff79a675a - BrotliDecoderVersion   23:     0x7ffff79a73d3 - BrotliDecoderVersion   24:     0x7ffff904b96f - napi_register_module_v1   25:     0x7ffff904a1e3 - napi_register_module_v1   26:     0x7ffff902914b - napi_register_module_v1   27:     0x7ffff9035dba - napi_register_module_v1   28:     0x7ffff90472a6 - napi_register_module_v1   29:     0x7ffff904e13a - napi_register_module_v1   30:     0x7ffff905354c - napi_register_module_v1   31:     0x7ffff9055195 - napi_register_module_v1   32:     0x7ffff901a2a7 - napi_register_module_v1   33:     0x7ffff905d1ec - napi_register_module_v1   34:     0x7ffff901bcfe - napi_register_module_v1   35:     0x7ffff902c2f4 - napi_register_module_v1   36:     0x7ffff90779bd - napi_register_module_v1   37:     0x7ff8d51ce8d7 - BaseThreadInitThunk   38:     0x7ff8d724c40c - RtlUserThreadStart System.Management.Automation.RemoteException ----- [1m[31mFATAL[39m[0m: An unexpected Turbopack error occurred. A panic log has been written to C:\Users\xmt20\AppData\Local\Temp\next-panic-c8bb8e721b5b55bf595ca66efcdb1045.log. System.Management.Automation.RemoteException To help make Turbopack better, report this error by ]8;;https://github.com/vercel/next.js/discussions/new?category=turbopack-error-report&title=Turbopack%20Error%3A%20Dependency%20tracking%20is%20disabled%20so%20invalidation%20is%20not%20allowed%20at%20C%3A%5Cactions-runner%5C_work%5Cnext.js%5Cnext.js%5Cturbopack%5Ccrates%5Cturbo-tasks-backend%5Csrc%5Cbackend%5Cmod.rs%3A1526%3A13&body=Turbopack%20version%3A%20%6023c46498%60%0ANext.js%20version%3A%20%600.0.0%60%0A%0AError%20message%3A%0A%60%60%60%0ADependency%20tracking%20is%20disabled%20so%20invalidation%20is%20not%20allowed%20at%20C%3A%5Cactions-runner%5C_work%5Cnext.js%5Cnext.js%5Cturbopack%5Ccrates%5Cturbo-tasks-backend%5Csrc%5Cbackend%5Cmod.rs%3A1526%3A13%0A%60%60%60&labels=Turbopack,Turbopack%20Panic%20Backtrace\clicking here.]8;;\ ----- System.Management.Automation.RemoteException System.Management.Automation.RemoteException > Build error occurred Error [TurbopackInternalError]: Dependency tracking is disabled so invalidation is not allowed at C:\actions-runner\_work\next.js\next.js\turbopack\crates\turbo-tasks-backend\src\backend\mod.rs:1526:13     at <unknown> (TurbopackInternalError: Dependency tracking is disabled so invalidation is not allowed at C:\actions-runner\_work\next.js\next.js\turbopack\crates\turbo-tasks-backend\src\backend\mod.rs:1526:13) {   type: 'TurbopackInternalError',   location: 'C:\\actions-runner\\_work\\next.js\\next.js\\turbopack\\crates\\turbo-tasks-backend\\src\\backend\\mod.rs:1526:13' } ?ELIFECYCLE? Command failed with exit code 1.

Exit Code: 1


================================================================================
Build started at: 2026-02-22 10:45:03
RUST_BACKTRACE=full enabled
================================================================================


Build Output:
 > paperstation-introduction-page@1.8.0 build D:\Desktop\Ruanm-Work\PaperStation\intro > next build  ¡ø Next.js 16.1.6 (Turbopack) - Experiments (use with caution):   ¡¤ optimizePackageImports    Creating an optimized production build ... System.Management.Automation.RemoteException thread 'tokio-runtime-worker' (8540) panicked at C:\actions-runner\_work\next.js\next.js\turbopack\crates\turbo-tasks-backend\src\backend\mod.rs:1526:13: Dependency tracking is disabled so invalidation is not allowed stack backtrace:    0:     0x7ffff90937b2 - napi_register_module_v1    1:     0x7ffff909b98a - napi_register_module_v1    2:     0x7ffff906b617 - napi_register_module_v1    3:     0x7ffff907ec65 - napi_register_module_v1    4:     0x7ffff9085149 - napi_register_module_v1    5:     0x7ffff9084f38 - napi_register_module_v1    6:     0x7ffff9085a0a - napi_register_module_v1    7:     0x7ffff9085762 - napi_register_module_v1    8:     0x7ffff907ee6f - napi_register_module_v1    9:     0x7ffff906738e - napi_register_module_v1   10:     0x7ffffb6a3591 - wasmer_vm_throw   11:     0x7ffff680d6d8 - BrotliDecoderSetParameter   12:     0x7ffff65583c8 - BrotliDecoderSetParameter   13:     0x7ffff88cd25f - BrotliDecoderVersion   14:     0x7ffff88892c8 - BrotliDecoderVersion   15:     0x7ffff88c8a80 - BrotliDecoderVersion   16:     0x7ffff79ec745 - BrotliDecoderVersion   17:     0x7ffff78e32e1 - BrotliDecoderVersion   18:     0x7ffff79ebeb3 - BrotliDecoderVersion   19:     0x7ffff7a12cbb - BrotliDecoderVersion   20:     0x7ffff79a5830 - BrotliDecoderVersion   21:     0x7ffff79a5de5 - BrotliDecoderVersion   22:     0x7ffff79a675a - BrotliDecoderVersion   23:     0x7ffff79a73d3 - BrotliDecoderVersion   24:     0x7ffff904b96f - napi_register_module_v1   25:     0x7ffff904a1e3 - napi_register_module_v1   26:     0x7ffff902914b - napi_register_module_v1   27:     0x7ffff9035dba - napi_register_module_v1   28:     0x7ffff90472a6 - napi_register_module_v1   29:     0x7ffff904e13a - napi_register_module_v1   30:     0x7ffff905354c - napi_register_module_v1   31:     0x7ffff9055195 - napi_register_module_v1   32:     0x7ffff901a2a7 - napi_register_module_v1   33:     0x7ffff905d1ec - napi_register_module_v1   34:     0x7ffff901bcfe - napi_register_module_v1   35:     0x7ffff902c2f4 - napi_register_module_v1   36:     0x7ffff90779bd - napi_register_module_v1   37:     0x7ff8d51ce8d7 - BaseThreadInitThunk   38:     0x7ff8d724c40c - RtlUserThreadStart System.Management.Automation.RemoteException thread 'tokio-runtime-worker' (14172) panicked at C:\actions-runner\_work\next.js\next.js\turbopack\crates\turbo-tasks-backend\src\backend\mod.rs:1526:13: Dependency tracking is disabled so invalidation is not allowed stack backtrace:    0:     0x7ffff90937b2 - napi_register_module_v1    1:     0x7ffff909b98a - napi_register_module_v1    2:     0x7ffff906b617 - napi_register_module_v1    3:     0x7ffff907ec65 - napi_register_module_v1    4:     0x7ffff9085149 - napi_register_module_v1    5:     0x7ffff9084f38 - napi_register_module_v1    6:     0x7ffff9085a0a - napi_register_module_v1    7:     0x7ffff9085762 - napi_register_module_v1    8:     0x7ffff907ee6f - napi_register_module_v1    9:     0x7ffff906738e - napi_register_module_v1   10:     0x7ffffb6a3591 - wasmer_vm_throw   11:     0x7ffff680d6d8 - BrotliDecoderSetParameter   12:     0x7ffff65583c8 - BrotliDecoderSetParameter   13:     0x7ffff88cd25f - BrotliDecoderVersion   14:     0x7ffff88892c8 - BrotliDecoderVersion   15:     0x7ffff88c8a80 - BrotliDecoderVersion   16:     0x7ffff79ec745 - BrotliDecoderVersion   17:     0x7ffff78e32e1 - BrotliDecoderVersion   18:     0x7ffff79ebeb3 - BrotliDecoderVersion   19:     0x7ffff7a12cbb - BrotliDecoderVersion   20:     0x7ffff79a5830 - BrotliDecoderVersion   21:     0x7ffff79a5de5 - BrotliDecoderVersion   22:     0x7ffff79a675a - BrotliDecoderVersion   23:     0x7ffff79a73d3 - BrotliDecoderVersion   24:     0x7ffff904b96f - napi_register_module_v1   25:     0x7ffff904a1e3 - napi_register_module_v1   26:     0x7ffff902914b - napi_register_module_v1   27:     0x7ffff9035dba - napi_register_module_v1   28:     0x7ffff90472a6 - napi_register_module_v1   29:     0x7ffff904e13a - napi_register_module_v1   30:     0x7ffff905354c - napi_register_module_v1   31:     0x7ffff9055195 - napi_register_module_v1   32:     0x7ffff901a2a7 - napi_register_module_v1   33:     0x7ffff905d1ec - napi_register_module_v1   34:     0x7ffff901bcfe - napi_register_module_v1   35:     0x7ffff902c2f4 - napi_register_module_v1   36:     0x7ffff90779bd - napi_register_module_v1   37:     0x7ff8d51ce8d7 - BaseThreadInitThunk   38:     0x7ff8d724c40c - RtlUserThreadStart System.Management.Automation.RemoteException ----- [1m[31mFATAL[39m[0m: An unexpected Turbopack error occurred. A panic log has been written to C:\Users\xmt20\AppData\Local\Temp\next-panic-f6f0f5e20d3114e37b94beaec46f5c00.log. System.Management.Automation.RemoteException To help make Turbopack better, report this error by ]8;;https://github.com/vercel/next.js/discussions/new?category=turbopack-error-report&title=Turbopack%20Error%3A%20Dependency%20tracking%20is%20disabled%20so%20invalidation%20is%20not%20allowed%20at%20C%3A%5Cactions-runner%5C_work%5Cnext.js%5Cnext.js%5Cturbopack%5Ccrates%5Cturbo-tasks-backend%5Csrc%5Cbackend%5Cmod.rs%3A1526%3A13&body=Turbopack%20version%3A%20%6023c46498%60%0ANext.js%20version%3A%20%600.0.0%60%0A%0AError%20message%3A%0A%60%60%60%0ADependency%20tracking%20is%20disabled%20so%20invalidation%20is%20not%20allowed%20at%20C%3A%5Cactions-runner%5C_work%5Cnext.js%5Cnext.js%5Cturbopack%5Ccrates%5Cturbo-tasks-backend%5Csrc%5Cbackend%5Cmod.rs%3A1526%3A13%0A%60%60%60&labels=Turbopack,Turbopack%20Panic%20Backtrace\clicking here.]8;;\ ----- System.Management.Automation.RemoteException System.Management.Automation.RemoteException > Build error occurred Error [TurbopackInternalError]: Dependency tracking is disabled so invalidation is not allowed at C:\actions-runner\_work\next.js\next.js\turbopack\crates\turbo-tasks-backend\src\backend\mod.rs:1526:13     at <unknown> (TurbopackInternalError: Dependency tracking is disabled so invalidation is not allowed at C:\actions-runner\_work\next.js\next.js\turbopack\crates\turbo-tasks-backend\src\backend\mod.rs:1526:13) {   type: 'TurbopackInternalError',   location: undefined } ?ELIFECYCLE? Command failed with exit code 1.

Exit Code: 1


================================================================================
Build started at: 2026-02-22 10:47:04
RUST_BACKTRACE=full enabled
================================================================================


Build Output:
 > paperstation-introduction-page@1.8.0 build D:\Desktop\Ruanm-Work\PaperStation\intro > next build  ¡ø Next.js 16.1.6 (Turbopack) - Experiments (use with caution):   ¡¤ optimizePackageImports    Creating an optimized production build ... System.Management.Automation.RemoteException thread 'tokio-runtime-worker' (16196) panicked at C:\actions-runner\_work\next.js\next.js\turbopack\crates\turbo-tasks-backend\src\backend\mod.rs:1526:13: Dependency tracking is disabled so invalidation is not allowed stack backtrace:    0:     0x7ffff90937b2 - napi_register_module_v1    1:     0x7ffff909b98a - napi_register_module_v1    2:     0x7ffff906b617 - napi_register_module_v1    3:     0x7ffff907ec65 - napi_register_module_v1    4:     0x7ffff9085149 - napi_register_module_v1    5:     0x7ffff9084f38 - napi_register_module_v1    6:     0x7ffff9085a0a - napi_register_module_v1    7:     0x7ffff9085762 - napi_register_module_v1    8:     0x7ffff907ee6f - napi_register_module_v1    9:     0x7ffff906738e - napi_register_module_v1   10:     0x7ffffb6a3591 - wasmer_vm_throw   11:     0x7ffff680d6d8 - BrotliDecoderSetParameter   12:     0x7ffff65583c8 - BrotliDecoderSetParameter   13:     0x7ffff88cd25f - BrotliDecoderVersion   14:     0x7ffff88892c8 - BrotliDecoderVersion   15:     0x7ffff88c8a80 - BrotliDecoderVersion   16:     0x7ffff79ec745 - BrotliDecoderVersion   17:     0x7ffff78e32e1 - BrotliDecoderVersion   18:     0x7ffff79ebeb3 - BrotliDecoderVersion   19:     0x7ffff7a12cbb - BrotliDecoderVersion   20:     0x7ffff79a5830 - BrotliDecoderVersion   21:     0x7ffff79a5de5 - BrotliDecoderVersion   22:     0x7ffff79a675a - BrotliDecoderVersion   23:     0x7ffff79a73d3 - BrotliDecoderVersion   24:     0x7ffff904b96f - napi_register_module_v1   25:     0x7ffff904a1e3 - napi_register_module_v1   26:     0x7ffff902914b - napi_register_module_v1   27:     0x7ffff9035dba - napi_register_module_v1   28:     0x7ffff90472a6 - napi_register_module_v1   29:     0x7ffff904e13a - napi_register_module_v1   30:     0x7ffff905354c - napi_register_module_v1   31:     0x7ffff9055195 - napi_register_module_v1   32:     0x7ffff901a2a7 - napi_register_module_v1   33:     0x7ffff905d1ec - napi_register_module_v1   34:     0x7ffff901bcfe - napi_register_module_v1   35:     0x7ffff902c2f4 - napi_register_module_v1   36:     0x7ffff90779bd - napi_register_module_v1   37:     0x7ff8d51ce8d7 - BaseThreadInitThunk   38:     0x7ff8d724c40c - RtlUserThreadStart System.Management.Automation.RemoteException thread 'tokio-runtime-worker' (17552) panicked at C:\actions-runner\_work\next.js\next.js\turbopack\crates\turbo-tasks-backend\src\backend\mod.rs:1526:13: Dependency tracking is disabled so invalidation is not allowed stack backtrace:    0:     0x7ffff90937b2 - napi_register_module_v1    1:     0x7ffff909b98a - napi_register_module_v1    2:     0x7ffff906b617 - napi_register_module_v1    3:     0x7ffff907ec65 - napi_register_module_v1    4:     0x7ffff9085149 - napi_register_module_v1    5:     0x7ffff9084f38 - napi_register_module_v1    6:     0x7ffff9085a0a - napi_register_module_v1    7:     0x7ffff9085762 - napi_register_module_v1    8:     0x7ffff907ee6f - napi_register_module_v1    9:     0x7ffff906738e - napi_register_module_v1   10:     0x7ffffb6a3591 - wasmer_vm_throw   11:     0x7ffff680d6d8 - BrotliDecoderSetParameter   12:     0x7ffff65583c8 - BrotliDecoderSetParameter   13:     0x7ffff88cd25f - BrotliDecoderVersion   14:     0x7ffff88892c8 - BrotliDecoderVersion   15:     0x7ffff88c8a80 - BrotliDecoderVersion   16:     0x7ffff79ec745 - BrotliDecoderVersion   17:     0x7ffff78e32e1 - BrotliDecoderVersion   18:     0x7ffff79ebeb3 - BrotliDecoderVersion   19:     0x7ffff7a12cbb - BrotliDecoderVersion   20:     0x7ffff79a5830 - BrotliDecoderVersion   21:     0x7ffff79a5de5 - BrotliDecoderVersion   22:     0x7ffff79a675a - BrotliDecoderVersion   23:     0x7ffff79a73d3 - BrotliDecoderVersion   24:     0x7ffff904b96f - napi_register_module_v1   25:     0x7ffff904a1e3 - napi_register_module_v1   26:     0x7ffff902914b - napi_register_module_v1   27:     0x7ffff9035dba - napi_register_module_v1   28:     0x7ffff90472a6 - napi_register_module_v1   29:     0x7ffff904e13a - napi_register_module_v1   30:     0x7ffff905354c - napi_register_module_v1   31:     0x7ffff9055195 - napi_register_module_v1   32:     0x7ffff901a2a7 - napi_register_module_v1   33:     0x7ffff905d1ec - napi_register_module_v1   34:     0x7ffff901bcfe - napi_register_module_v1   35:     0x7ffff902c2f4 - napi_register_module_v1   36:     0x7ffff90779bd - napi_register_module_v1   37:     0x7ff8d51ce8d7 - BaseThreadInitThunk   38:     0x7ff8d724c40c - RtlUserThreadStart System.Management.Automation.RemoteException ----- [1m[31mFATAL[39m[0m: An unexpected Turbopack error occurred. A panic log has been written to C:\Users\xmt20\AppData\Local\Temp\next-panic-2534e3bba9da57d3a6c3ae42023c5b35.log. System.Management.Automation.RemoteException To help make Turbopack better, report this error by ]8;;https://github.com/vercel/next.js/discussions/new?category=turbopack-error-report&title=Turbopack%20Error%3A%20Dependency%20tracking%20is%20disabled%20so%20invalidation%20is%20not%20allowed%20at%20C%3A%5Cactions-runner%5C_work%5Cnext.js%5Cnext.js%5Cturbopack%5Ccrates%5Cturbo-tasks-backend%5Csrc%5Cbackend%5Cmod.rs%3A1526%3A13&body=Turbopack%20version%3A%20%6023c46498%60%0ANext.js%20version%3A%20%600.0.0%60%0A%0AError%20message%3A%0A%60%60%60%0ADependency%20tracking%20is%20disabled%20so%20invalidation%20is%20not%20allowed%20at%20C%3A%5Cactions-runner%5C_work%5Cnext.js%5Cnext.js%5Cturbopack%5Ccrates%5Cturbo-tasks-backend%5Csrc%5Cbackend%5Cmod.rs%3A1526%3A13%0A%60%60%60&labels=Turbopack,Turbopack%20Panic%20Backtrace\clicking here.]8;;\ ----- System.Management.Automation.RemoteException System.Management.Automation.RemoteException > Build error occurred Error [TurbopackInternalError]: Dependency tracking is disabled so invalidation is not allowed at C:\actions-runner\_work\next.js\next.js\turbopack\crates\turbo-tasks-backend\src\backend\mod.rs:1526:13     at <unknown> (TurbopackInternalError: Dependency tracking is disabled so invalidation is not allowed at C:\actions-runner\_work\next.js\next.js\turbopack\crates\turbo-tasks-backend\src\backend\mod.rs:1526:13) {   type: 'TurbopackInternalError',   location: undefined } ?ELIFECYCLE? Command failed with exit code 1.

Exit Code: 1


================================================================================
Build started at: 2026-02-22 10:48:16
RUST_BACKTRACE=full enabled
================================================================================



================================================================================
Build started at: 2026-02-22 10:49:06
RUST_BACKTRACE=full enabled
================================================================================


Build Output:
 > paperstation-introduction-page@1.8.0 build D:\Desktop\Ruanm-Work\PaperStation\intro > next build  ¡ø Next.js 16.1.6 (Turbopack)    Creating an optimized production build ... System.Management.Automation.RemoteException thread 'tokio-runtime-worker' (13520) panicked at C:\actions-runner\_work\next.js\next.js\turbopack\crates\turbo-tasks-backend\src\backend\mod.rs:1526:13: Dependency tracking is disabled so invalidation is not allowed stack backtrace:    0:     0x7ffff90937b2 - napi_register_module_v1    1:     0x7ffff909b98a - napi_register_module_v1    2:     0x7ffff906b617 - napi_register_module_v1    3:     0x7ffff907ec65 - napi_register_module_v1    4:     0x7ffff9085149 - napi_register_module_v1    5:     0x7ffff9084f38 - napi_register_module_v1    6:     0x7ffff9085a0a - napi_register_module_v1    7:     0x7ffff9085762 - napi_register_module_v1    8:     0x7ffff907ee6f - napi_register_module_v1    9:     0x7ffff906738e - napi_register_module_v1   10:     0x7ffffb6a3591 - wasmer_vm_throw   11:     0x7ffff680d6d8 - BrotliDecoderSetParameter   12:     0x7ffff65583c8 - BrotliDecoderSetParameter   13:     0x7ffff88cd25f - BrotliDecoderVersion   14:     0x7ffff88892c8 - BrotliDecoderVersion   15:     0x7ffff88c8a80 - BrotliDecoderVersion   16:     0x7ffff79ec745 - BrotliDecoderVersion   17:     0x7ffff78e32e1 - BrotliDecoderVersion   18:     0x7ffff79ebeb3 - BrotliDecoderVersion   19:     0x7ffff7a12cbb - BrotliDecoderVersion   20:     0x7ffff79a5830 - BrotliDecoderVersion   21:     0x7ffff79a5de5 - BrotliDecoderVersion   22:     0x7ffff79a675a - BrotliDecoderVersion   23:     0x7ffff79a73d3 - BrotliDecoderVersion   24:     0x7ffff904b96f - napi_register_module_v1   25:     0x7ffff904a1e3 - napi_register_module_v1   26:     0x7ffff902914b - napi_register_module_v1   27:     0x7ffff9035dba - napi_register_module_v1   28:     0x7ffff90472a6 - napi_register_module_v1   29:     0x7ffff904e13a - napi_register_module_v1   30:     0x7ffff905354c - napi_register_module_v1   31:     0x7ffff9055195 - napi_register_module_v1   32:     0x7ffff901a2a7 - napi_register_module_v1   33:     0x7ffff905d1ec - napi_register_module_v1   34:     0x7ffff901bcfe - napi_register_module_v1   35:     0x7ffff902c2f4 - napi_register_module_v1   36:     0x7ffff90779bd - napi_register_module_v1   37:     0x7ff8d51ce8d7 - BaseThreadInitThunk   38:     0x7ff8d724c40c - RtlUserThreadStart System.Management.Automation.RemoteException thread 'tokio-runtime-worker' (12960) panicked at C:\actions-runner\_work\next.js\next.js\turbopack\crates\turbo-tasks-backend\src\backend\mod.rs:1526:13: Dependency tracking is disabled so invalidation is not allowed stack backtrace:    0:     0x7ffff90937b2 - napi_register_module_v1    1:     0x7ffff909b98a - napi_register_module_v1    2:     0x7ffff906b617 - napi_register_module_v1    3:     0x7ffff907ec65 - napi_register_module_v1    4:     0x7ffff9085149 - napi_register_module_v1    5:     0x7ffff9084f38 - napi_register_module_v1    6:     0x7ffff9085a0a - napi_register_module_v1    7:     0x7ffff9085762 - napi_register_module_v1    8:     0x7ffff907ee6f - napi_register_module_v1    9:     0x7ffff906738e - napi_register_module_v1   10:     0x7ffffb6a3591 - wasmer_vm_throw   11:     0x7ffff680d6d8 - BrotliDecoderSetParameter   12:     0x7ffff65583c8 - BrotliDecoderSetParameter   13:     0x7ffff88cd25f - BrotliDecoderVersion   14:     0x7ffff88892c8 - BrotliDecoderVersion   15:     0x7ffff88c8a80 - BrotliDecoderVersion   16:     0x7ffff79ec745 - BrotliDecoderVersion   17:     0x7ffff78e32e1 - BrotliDecoderVersion   18:     0x7ffff79ebeb3 - BrotliDecoderVersion   19:     0x7ffff7a12cbb - BrotliDecoderVersion   20:     0x7ffff79a5830 - BrotliDecoderVersion   21:     0x7ffff79a5de5 - BrotliDecoderVersion   22:     0x7ffff79a675a - BrotliDecoderVersion   23:     0x7ffff79a73d3 - BrotliDecoderVersion   24:     0x7ffff904b96f - napi_register_module_v1   25:     0x7ffff904a1e3 - napi_register_module_v1   26:     0x7ffff902914b - napi_register_module_v1   27:     0x7ffff9035dba - napi_register_module_v1   28:     0x7ffff90472a6 - napi_register_module_v1   29:     0x7ffff904e13a - napi_register_module_v1   30:     0x7ffff905354c - napi_register_module_v1   31:     0x7ffff9055195 - napi_register_module_v1   32:     0x7ffff901a2a7 - napi_register_module_v1   33:     0x7ffff905d1ec - napi_register_module_v1   34:     0x7ffff901bcfe - napi_register_module_v1   35:     0x7ffff902c2f4 - napi_register_module_v1   36:     0x7ffff90779bd - napi_register_module_v1   37:     0x7ff8d51ce8d7 - BaseThreadInitThunk   38:     0x7ff8d724c40c - RtlUserThreadStart System.Management.Automation.RemoteException ----- [1m[31mFATAL[39m[0m: An unexpected Turbopack error occurred. A panic log has been written to C:\Users\xmt20\AppData\Local\Temp\next-panic-9b677b81605bccab5e91b7c10e78d0a.log. System.Management.Automation.RemoteException To help make Turbopack better, report this error by ]8;;https://github.com/vercel/next.js/discussions/new?category=turbopack-error-report&title=Turbopack%20Error%3A%20Dependency%20tracking%20is%20disabled%20so%20invalidation%20is%20not%20allowed%20at%20C%3A%5Cactions-runner%5C_work%5Cnext.js%5Cnext.js%5Cturbopack%5Ccrates%5Cturbo-tasks-backend%5Csrc%5Cbackend%5Cmod.rs%3A1526%3A13&body=Turbopack%20version%3A%20%6023c46498%60%0ANext.js%20version%3A%20%600.0.0%60%0A%0AError%20message%3A%0A%60%60%60%0ADependency%20tracking%20is%20disabled%20so%20invalidation%20is%20not%20allowed%20at%20C%3A%5Cactions-runner%5C_work%5Cnext.js%5Cnext.js%5Cturbopack%5Ccrates%5Cturbo-tasks-backend%5Csrc%5Cbackend%5Cmod.rs%3A1526%3A13%0A%60%60%60&labels=Turbopack,Turbopack%20Panic%20Backtrace\clicking here.]8;;\ ----- System.Management.Automation.RemoteException System.Management.Automation.RemoteException > Build error occurred Error [TurbopackInternalError]: Dependency tracking is disabled so invalidation is not allowed at C:\actions-runner\_work\next.js\next.js\turbopack\crates\turbo-tasks-backend\src\backend\mod.rs:1526:13     at <unknown> (TurbopackInternalError: Dependency tracking is disabled so invalidation is not allowed at C:\actions-runner\_work\next.js\next.js\turbopack\crates\turbo-tasks-backend\src\backend\mod.rs:1526:13) {   type: 'TurbopackInternalError',   location: undefined } ?ELIFECYCLE? Command failed with exit code 1.

Exit Code: 1


================================================================================
Build started at: 2026-02-22 10:50:00
RUST_BACKTRACE=full enabled
================================================================================


Build Output:
 > paperstation-introduction-page@1.8.0 build D:\Desktop\Ruanm-Work\PaperStation\intro > set TURBOPACK_DISABLE_CACHE=1 && next build  ¡ø Next.js 16.1.6 (Turbopack)    Creating an optimized production build ... System.Management.Automation.RemoteException thread 'tokio-runtime-worker' (7040) panicked at C:\actions-runner\_work\next.js\next.js\turbopack\crates\turbo-tasks-backend\src\backend\mod.rs:1526:13: Dependency tracking is disabled so invalidation is not allowed stack backtrace:    0:     0x7ffff90937b2 - napi_register_module_v1    1:     0x7ffff909b98a - napi_register_module_v1    2:     0x7ffff906b617 - napi_register_module_v1    3:     0x7ffff907ec65 - napi_register_module_v1    4:     0x7ffff9085149 - napi_register_module_v1    5:     0x7ffff9084f38 - napi_register_module_v1    6:     0x7ffff9085a0a - napi_register_module_v1    7:     0x7ffff9085762 - napi_register_module_v1    8:     0x7ffff907ee6f - napi_register_module_v1    9:     0x7ffff906738e - napi_register_module_v1   10:     0x7ffffb6a3591 - wasmer_vm_throw   11:     0x7ffff680d6d8 - BrotliDecoderSetParameter   12:     0x7ffff65583c8 - BrotliDecoderSetParameter   13:     0x7ffff88cd25f - BrotliDecoderVersion   14:     0x7ffff88892c8 - BrotliDecoderVersion   15:     0x7ffff88c8a80 - BrotliDecoderVersion   16:     0x7ffff79ec745 - BrotliDecoderVersion   17:     0x7ffff78e32e1 - BrotliDecoderVersion   18:     0x7ffff79ebeb3 - BrotliDecoderVersion   19:     0x7ffff7a12cbb - BrotliDecoderVersion   20:     0x7ffff79a5830 - BrotliDecoderVersion   21:     0x7ffff79a5de5 - BrotliDecoderVersion   22:     0x7ffff79a675a - BrotliDecoderVersion   23:     0x7ffff79a73d3 - BrotliDecoderVersion   24:     0x7ffff904b96f - napi_register_module_v1   25:     0x7ffff904a1e3 - napi_register_module_v1   26:     0x7ffff902914b - napi_register_module_v1   27:     0x7ffff9035dba - napi_register_module_v1   28:     0x7ffff90472a6 - napi_register_module_v1   29:     0x7ffff904e13a - napi_register_module_v1   30:     0x7ffff905354c - napi_register_module_v1   31:     0x7ffff9055195 - napi_register_module_v1   32:     0x7ffff901a2a7 - napi_register_module_v1   33:     0x7ffff905d1ec - napi_register_module_v1   34:     0x7ffff901bcfe - napi_register_module_v1   35:     0x7ffff902c2f4 - napi_register_module_v1   36:     0x7ffff90779bd - napi_register_module_v1   37:     0x7ff8d51ce8d7 - BaseThreadInitThunk   38:     0x7ff8d724c40c - RtlUserThreadStart System.Management.Automation.RemoteException thread 'tokio-runtime-worker' (13936) panicked at C:\actions-runner\_work\next.js\next.js\turbopack\crates\turbo-tasks-backend\src\backend\mod.rs:1526:13: Dependency tracking is disabled so invalidation is not allowed stack backtrace:    0:     0x7ffff90937b2 - napi_register_module_v1    1:     0x7ffff909b98a - napi_register_module_v1    2:     0x7ffff906b617 - napi_register_module_v1    3:     0x7ffff907ec65 - napi_register_module_v1    4:     0x7ffff9085149 - napi_register_module_v1    5:     0x7ffff9084f38 - napi_register_module_v1    6:     0x7ffff9085a0a - napi_register_module_v1    7:     0x7ffff9085762 - napi_register_module_v1    8:     0x7ffff907ee6f - napi_register_module_v1    9:     0x7ffff906738e - napi_register_module_v1   10:     0x7ffffb6a3591 - wasmer_vm_throw   11:     0x7ffff680d6d8 - BrotliDecoderSetParameter   12:     0x7ffff65583c8 - BrotliDecoderSetParameter   13:     0x7ffff88cd25f - BrotliDecoderVersion   14:     0x7ffff88892c8 - BrotliDecoderVersion   15:     0x7ffff88c8a80 - BrotliDecoderVersion   16:     0x7ffff79ec745 - BrotliDecoderVersion   17:     0x7ffff78e32e1 - BrotliDecoderVersion   18:     0x7ffff79ebeb3 - BrotliDecoderVersion   19:     0x7ffff7a12cbb - BrotliDecoderVersion   20:     0x7ffff79a5830 - BrotliDecoderVersion   21:     0x7ffff79a5de5 - BrotliDecoderVersion   22:     0x7ffff79a675a - BrotliDecoderVersion   23:     0x7ffff79a73d3 - BrotliDecoderVersion   24:     0x7ffff904b96f - napi_register_module_v1   25:     0x7ffff904a1e3 - napi_register_module_v1   26:     0x7ffff902914b - napi_register_module_v1   27:     0x7ffff9035dba - napi_register_module_v1   28:     0x7ffff90472a6 - napi_register_module_v1   29:     0x7ffff904e13a - napi_register_module_v1   30:     0x7ffff905354c - napi_register_module_v1   31:     0x7ffff9055195 - napi_register_module_v1   32:     0x7ffff901a2a7 - napi_register_module_v1   33:     0x7ffff905d1ec - napi_register_module_v1   34:     0x7ffff901bcfe - napi_register_module_v1   35:     0x7ffff902c2f4 - napi_register_module_v1   36:     0x7ffff90779bd - napi_register_module_v1   37:     0x7ff8d51ce8d7 - BaseThreadInitThunk   38:     0x7ff8d724c40c - RtlUserThreadStart System.Management.Automation.RemoteException ----- [1m[31mFATAL[39m[0m: An unexpected Turbopack error occurred. A panic log has been written to C:\Users\xmt20\AppData\Local\Temp\next-panic-2049c0153c6b19f6cde241789547e84a.log. System.Management.Automation.RemoteException To help make Turbopack better, report this error by ]8;;https://github.com/vercel/next.js/discussions/new?category=turbopack-error-report&title=Turbopack%20Error%3A%20Dependency%20tracking%20is%20disabled%20so%20invalidation%20is%20not%20allowed%20at%20C%3A%5Cactions-runner%5C_work%5Cnext.js%5Cnext.js%5Cturbopack%5Ccrates%5Cturbo-tasks-backend%5Csrc%5Cbackend%5Cmod.rs%3A1526%3A13&body=Turbopack%20version%3A%20%6023c46498%60%0ANext.js%20version%3A%20%600.0.0%60%0A%0AError%20message%3A%0A%60%60%60%0ADependency%20tracking%20is%20disabled%20so%20invalidation%20is%20not%20allowed%20at%20C%3A%5Cactions-runner%5C_work%5Cnext.js%5Cnext.js%5Cturbopack%5Ccrates%5Cturbo-tasks-backend%5Csrc%5Cbackend%5Cmod.rs%3A1526%3A13%0A%60%60%60&labels=Turbopack,Turbopack%20Panic%20Backtrace\clicking here.]8;;\ ----- System.Management.Automation.RemoteException System.Management.Automation.RemoteException > Build error occurred Error [TurbopackInternalError]: Dependency tracking is disabled so invalidation is not allowed at C:\actions-runner\_work\next.js\next.js\turbopack\crates\turbo-tasks-backend\src\backend\mod.rs:1526:13     at <unknown> (TurbopackInternalError: Dependency tracking is disabled so invalidation is not allowed at C:\actions-runner\_work\next.js\next.js\turbopack\crates\turbo-tasks-backend\src\backend\mod.rs:1526:13) {   type: 'TurbopackInternalError',   location: undefined } ?ELIFECYCLE? Command failed with exit code 1.

Exit Code: 1


================================================================================
Build started at: 2026-02-22 10:51:02
RUST_BACKTRACE=full enabled
================================================================================


Build Output:
 > paperstation-introduction-page@1.8.0 build D:\Desktop\Ruanm-Work\PaperStation\intro > cross-env TURBOPACK_DISABLE_CACHE=1 next build  ¡ø Next.js 16.1.6 (Turbopack)    Creating an optimized production build ... System.Management.Automation.RemoteException thread 'tokio-runtime-worker' (2608) panicked at C:\actions-runner\_work\next.js\next.js\turbopack\crates\turbo-tasks-backend\src\backend\mod.rs:1526:13: Dependency tracking is disabled so invalidation is not allowed stack backtrace:    0:     0x7ffff90937b2 - napi_register_module_v1    1:     0x7ffff909b98a - napi_register_module_v1    2:     0x7ffff906b617 - napi_register_module_v1    3:     0x7ffff907ec65 - napi_register_module_v1    4:     0x7ffff9085149 - napi_register_module_v1    5:     0x7ffff9084f38 - napi_register_module_v1    6:     0x7ffff9085a0a - napi_register_module_v1    7:     0x7ffff9085762 - napi_register_module_v1    8:     0x7ffff907ee6f - napi_register_module_v1    9:     0x7ffff906738e - napi_register_module_v1   10:     0x7ffffb6a3591 - wasmer_vm_throw   11:     0x7ffff680d6d8 - BrotliDecoderSetParameter   12:     0x7ffff65583c8 - BrotliDecoderSetParameter   13:     0x7ffff88cd25f - BrotliDecoderVersion   14:     0x7ffff88892c8 - BrotliDecoderVersion   15:     0x7ffff88c8a80 - BrotliDecoderVersion   16:     0x7ffff79ec745 - BrotliDecoderVersion   17:     0x7ffff78e32e1 - BrotliDecoderVersion   18:     0x7ffff79ebeb3 - BrotliDecoderVersion   19:     0x7ffff7a12cbb - BrotliDecoderVersion   20:     0x7ffff79a5830 - BrotliDecoderVersion   21:     0x7ffff79a5de5 - BrotliDecoderVersion   22:     0x7ffff79a675a - BrotliDecoderVersion   23:     0x7ffff79a73d3 - BrotliDecoderVersion   24:     0x7ffff904b96f - napi_register_module_v1   25:     0x7ffff904a1e3 - napi_register_module_v1   26:     0x7ffff902914b - napi_register_module_v1   27:     0x7ffff9035dba - napi_register_module_v1   28:     0x7ffff90472a6 - napi_register_module_v1   29:     0x7ffff904e13a - napi_register_module_v1   30:     0x7ffff905354c - napi_register_module_v1   31:     0x7ffff9055195 - napi_register_module_v1   32:     0x7ffff901a2a7 - napi_register_module_v1   33:     0x7ffff905d1ec - napi_register_module_v1   34:     0x7ffff901bcfe - napi_register_module_v1   35:     0x7ffff902c2f4 - napi_register_module_v1   36:     0x7ffff90779bd - napi_register_module_v1   37:     0x7ff8d51ce8d7 - BaseThreadInitThunk   38:     0x7ff8d724c40c - RtlUserThreadStart System.Management.Automation.RemoteException thread 'tokio-runtime-worker' (8656) panicked at C:\actions-runner\_work\next.js\next.js\turbopack\crates\turbo-tasks-backend\src\backend\mod.rs:1526:13: Dependency tracking is disabled so invalidation is not allowed stack backtrace:    0:     0x7ffff90937b2 - napi_register_module_v1    1:     0x7ffff909b98a - napi_register_module_v1    2:     0x7ffff906b617 - napi_register_module_v1    3:     0x7ffff907ec65 - napi_register_module_v1    4:     0x7ffff9085149 - napi_register_module_v1    5:     0x7ffff9084f38 - napi_register_module_v1    6:     0x7ffff9085a0a - napi_register_module_v1    7:     0x7ffff9085762 - napi_register_module_v1    8:     0x7ffff907ee6f - napi_register_module_v1    9:     0x7ffff906738e - napi_register_module_v1   10:     0x7ffffb6a3591 - wasmer_vm_throw   11:     0x7ffff680d6d8 - BrotliDecoderSetParameter   12:     0x7ffff65583c8 - BrotliDecoderSetParameter   13:     0x7ffff88cd25f - BrotliDecoderVersion   14:     0x7ffff88892c8 - BrotliDecoderVersion   15:     0x7ffff88c8a80 - BrotliDecoderVersion   16:     0x7ffff79ec745 - BrotliDecoderVersion   17:     0x7ffff78e32e1 - BrotliDecoderVersion   18:     0x7ffff79ebeb3 - BrotliDecoderVersion   19:     0x7ffff7a12cbb - BrotliDecoderVersion   20:     0x7ffff79a5830 - BrotliDecoderVersion   21:     0x7ffff79a5de5 - BrotliDecoderVersion   22:     0x7ffff79a675a - BrotliDecoderVersion   23:     0x7ffff79a73d3 - BrotliDecoderVersion   24:     0x7ffff904b96f - napi_register_module_v1   25:     0x7ffff904a1e3 - napi_register_module_v1   26:     0x7ffff902914b - napi_register_module_v1   27:     0x7ffff9035dba - napi_register_module_v1   28:     0x7ffff90472a6 - napi_register_module_v1   29:     0x7ffff904e13a - napi_register_module_v1   30:     0x7ffff905354c - napi_register_module_v1   31:     0x7ffff9055195 - napi_register_module_v1   32:     0x7ffff901a2a7 - napi_register_module_v1   33:     0x7ffff905d1ec - napi_register_module_v1   34:     0x7ffff901bcfe - napi_register_module_v1   35:     0x7ffff902c2f4 - napi_register_module_v1   36:     0x7ffff90779bd - napi_register_module_v1   37:     0x7ff8d51ce8d7 - BaseThreadInitThunk   38:     0x7ff8d724c40c - RtlUserThreadStart System.Management.Automation.RemoteException ----- [1m[31mFATAL[39m[0m: An unexpected Turbopack error occurred. A panic log has been written to C:\Users\xmt20\AppData\Local\Temp\next-panic-d93b4acad0e4edc1331ba7812f06cc64.log. System.Management.Automation.RemoteException To help make Turbopack better, report this error by ]8;;https://github.com/vercel/next.js/discussions/new?category=turbopack-error-report&title=Turbopack%20Error%3A%20Dependency%20tracking%20is%20disabled%20so%20invalidation%20is%20not%20allowed%20at%20C%3A%5Cactions-runner%5C_work%5Cnext.js%5Cnext.js%5Cturbopack%5Ccrates%5Cturbo-tasks-backend%5Csrc%5Cbackend%5Cmod.rs%3A1526%3A13&body=Turbopack%20version%3A%20%6023c46498%60%0ANext.js%20version%3A%20%600.0.0%60%0A%0AError%20message%3A%0A%60%60%60%0ADependency%20tracking%20is%20disabled%20so%20invalidation%20is%20not%20allowed%20at%20C%3A%5Cactions-runner%5C_work%5Cnext.js%5Cnext.js%5Cturbopack%5Ccrates%5Cturbo-tasks-backend%5Csrc%5Cbackend%5Cmod.rs%3A1526%3A13%0A%60%60%60&labels=Turbopack,Turbopack%20Panic%20Backtrace\clicking here.]8;;\ ----- System.Management.Automation.RemoteException System.Management.Automation.RemoteException > Build error occurred Error [TurbopackInternalError]: Dependency tracking is disabled so invalidation is not allowed at C:\actions-runner\_work\next.js\next.js\turbopack\crates\turbo-tasks-backend\src\backend\mod.rs:1526:13     at <unknown> (TurbopackInternalError: Dependency tracking is disabled so invalidation is not allowed at C:\actions-runner\_work\next.js\next.js\turbopack\crates\turbo-tasks-backend\src\backend\mod.rs:1526:13) {   type: 'TurbopackInternalError',   location: 'C:\\actions-runner\\_work\\next.js\\next.js\\turbopack\\crates\\turbo-tasks-backend\\src\\backend\\mod.rs:1526:13' } ?ELIFECYCLE? Command failed with exit code 1.

Exit Code: 1


================================================================================
Build started at: 2026-02-22 10:51:59
RUST_BACKTRACE=full enabled
================================================================================


Build Output:
 > paperstation-introduction-page@1.8.0 build D:\Desktop\Ruanm-Work\PaperStation\intro > next build  ¡ø Next.js 16.1.6 (Turbopack)    Creating an optimized production build ... System.Management.Automation.RemoteException thread 'tokio-runtime-worker' (2348) panicked at C:\actions-runner\_work\next.js\next.js\turbopack\crates\turbo-tasks-backend\src\backend\mod.rs:1526:13: Dependency tracking is disabled so invalidation is not allowed stack backtrace:    0:     0x7ffff90937b2 - napi_register_module_v1    1:     0x7ffff909b98a - napi_register_module_v1    2:     0x7ffff906b617 - napi_register_module_v1    3:     0x7ffff907ec65 - napi_register_module_v1    4:     0x7ffff9085149 - napi_register_module_v1    5:     0x7ffff9084f38 - napi_register_module_v1    6:     0x7ffff9085a0a - napi_register_module_v1    7:     0x7ffff9085762 - napi_register_module_v1    8:     0x7ffff907ee6f - napi_register_module_v1    9:     0x7ffff906738e - napi_register_module_v1   10:     0x7ffffb6a3591 - wasmer_vm_throw   11:     0x7ffff680d6d8 - BrotliDecoderSetParameter   12:     0x7ffff65583c8 - BrotliDecoderSetParameter   13:     0x7ffff88cd25f - BrotliDecoderVersion   14:     0x7ffff88892c8 - BrotliDecoderVersion   15:     0x7ffff88c8a80 - BrotliDecoderVersion   16:     0x7ffff79ec745 - BrotliDecoderVersion   17:     0x7ffff78e32e1 - BrotliDecoderVersion   18:     0x7ffff79ebeb3 - BrotliDecoderVersion   19:     0x7ffff7a12cbb - BrotliDecoderVersion   20:     0x7ffff79a5830 - BrotliDecoderVersion   21:     0x7ffff79a5de5 - BrotliDecoderVersion   22:     0x7ffff79a675a - BrotliDecoderVersion   23:     0x7ffff79a73d3 - BrotliDecoderVersion   24:     0x7ffff904b96f - napi_register_module_v1   25:     0x7ffff904a1e3 - napi_register_module_v1   26:     0x7ffff902914b - napi_register_module_v1   27:     0x7ffff9035dba - napi_register_module_v1   28:     0x7ffff90472a6 - napi_register_module_v1   29:     0x7ffff904e13a - napi_register_module_v1   30:     0x7ffff905354c - napi_register_module_v1   31:     0x7ffff9055195 - napi_register_module_v1   32:     0x7ffff901a2a7 - napi_register_module_v1   33:     0x7ffff905d1ec - napi_register_module_v1   34:     0x7ffff901bcfe - napi_register_module_v1   35:     0x7ffff902c2f4 - napi_register_module_v1   36:     0x7ffff90779bd - napi_register_module_v1   37:     0x7ff8d51ce8d7 - BaseThreadInitThunk   38:     0x7ff8d724c40c - RtlUserThreadStart System.Management.Automation.RemoteException thread 'tokio-runtime-worker' (5292) panicked at C:\actions-runner\_work\next.js\next.js\turbopack\crates\turbo-tasks-backend\src\backend\mod.rs:1526:13: Dependency tracking is disabled so invalidation is not allowed stack backtrace:    0:     0x7ffff90937b2 - napi_register_module_v1    1:     0x7ffff909b98a - napi_register_module_v1    2:     0x7ffff906b617 - napi_register_module_v1    3:     0x7ffff907ec65 - napi_register_module_v1    4:     0x7ffff9085149 - napi_register_module_v1    5:     0x7ffff9084f38 - napi_register_module_v1    6:     0x7ffff9085a0a - napi_register_module_v1    7:     0x7ffff9085762 - napi_register_module_v1    8:     0x7ffff907ee6f - napi_register_module_v1    9:     0x7ffff906738e - napi_register_module_v1   10:     0x7ffffb6a3591 - wasmer_vm_throw   11:     0x7ffff680d6d8 - BrotliDecoderSetParameter   12:     0x7ffff65583c8 - BrotliDecoderSetParameter   13:     0x7ffff88cd25f - BrotliDecoderVersion   14:     0x7ffff88892c8 - BrotliDecoderVersion   15:     0x7ffff88c8a80 - BrotliDecoderVersion   16:     0x7ffff79ec745 - BrotliDecoderVersion   17:     0x7ffff78e32e1 - BrotliDecoderVersion   18:     0x7ffff79ebeb3 - BrotliDecoderVersion   19:     0x7ffff7a12cbb - BrotliDecoderVersion   20:     0x7ffff79a5830 - BrotliDecoderVersion   21:     0x7ffff79a5de5 - BrotliDecoderVersion   22:     0x7ffff79a675a - BrotliDecoderVersion   23:     0x7ffff79a73d3 - BrotliDecoderVersion   24:     0x7ffff904b96f - napi_register_module_v1   25:     0x7ffff904a1e3 - napi_register_module_v1   26:     0x7ffff902914b - napi_register_module_v1   27:     0x7ffff9035dba - napi_register_module_v1   28:     0x7ffff90472a6 - napi_register_module_v1   29:     0x7ffff904e13a - napi_register_module_v1   30:     0x7ffff905354c - napi_register_module_v1   31:     0x7ffff9055195 - napi_register_module_v1   32:     0x7ffff901a2a7 - napi_register_module_v1   33:     0x7ffff905d1ec - napi_register_module_v1   34:     0x7ffff901bcfe - napi_register_module_v1   35:     0x7ffff902c2f4 - napi_register_module_v1   36:     0x7ffff90779bd - napi_register_module_v1   37:     0x7ff8d51ce8d7 - BaseThreadInitThunk   38:     0x7ff8d724c40c - RtlUserThreadStart System.Management.Automation.RemoteException ----- [1m[31mFATAL[39m[0m: An unexpected Turbopack error occurred. A panic log has been written to C:\Users\xmt20\AppData\Local\Temp\next-panic-2e1e057a3d48b54ee04ae8820055412.log. System.Management.Automation.RemoteException To help make Turbopack better, report this error by ]8;;https://github.com/vercel/next.js/discussions/new?category=turbopack-error-report&title=Turbopack%20Error%3A%20Dependency%20tracking%20is%20disabled%20so%20invalidation%20is%20not%20allowed%20at%20C%3A%5Cactions-runner%5C_work%5Cnext.js%5Cnext.js%5Cturbopack%5Ccrates%5Cturbo-tasks-backend%5Csrc%5Cbackend%5Cmod.rs%3A1526%3A13&body=Turbopack%20version%3A%20%6023c46498%60%0ANext.js%20version%3A%20%600.0.0%60%0A%0AError%20message%3A%0A%60%60%60%0ADependency%20tracking%20is%20disabled%20so%20invalidation%20is%20not%20allowed%20at%20C%3A%5Cactions-runner%5C_work%5Cnext.js%5Cnext.js%5Cturbopack%5Ccrates%5Cturbo-tasks-backend%5Csrc%5Cbackend%5Cmod.rs%3A1526%3A13%0A%60%60%60&labels=Turbopack,Turbopack%20Panic%20Backtrace\clicking here.]8;;\ ----- System.Management.Automation.RemoteException System.Management.Automation.RemoteException > Build error occurred Error [TurbopackInternalError]: Dependency tracking is disabled so invalidation is not allowed at C:\actions-runner\_work\next.js\next.js\turbopack\crates\turbo-tasks-backend\src\backend\mod.rs:1526:13     at <unknown> (TurbopackInternalError: Dependency tracking is disabled so invalidation is not allowed at C:\actions-runner\_work\next.js\next.js\turbopack\crates\turbo-tasks-backend\src\backend\mod.rs:1526:13) {   type: 'TurbopackInternalError',   location: undefined } ?ELIFECYCLE? Command failed with exit code 1.

Exit Code: 1


================================================================================
Build started at: 2026-02-22 10:55:39
RUST_BACKTRACE=full enabled
================================================================================


Build Output:
 > paperstation-introduction-page@1.8.0 build D:\Desktop\Ruanm-Work\PaperStation\intro > next build  ¡ø Next.js 16.1.6 (Turbopack)    Creating an optimized production build ... System.Management.Automation.RemoteException thread 'tokio-runtime-worker' (12560) panicked at C:\actions-runner\_work\next.js\next.js\turbopack\crates\turbo-tasks-backend\src\backend\mod.rs:1526:13: Dependency tracking is disabled so invalidation is not allowed stack backtrace:    0:     0x7ffff90937b2 - napi_register_module_v1    1:     0x7ffff909b98a - napi_register_module_v1    2:     0x7ffff906b617 - napi_register_module_v1    3:     0x7ffff907ec65 - napi_register_module_v1    4:     0x7ffff9085149 - napi_register_module_v1    5:     0x7ffff9084f38 - napi_register_module_v1    6:     0x7ffff9085a0a - napi_register_module_v1    7:     0x7ffff9085762 - napi_register_module_v1    8:     0x7ffff907ee6f - napi_register_module_v1    9:     0x7ffff906738e - napi_register_module_v1   10:     0x7ffffb6a3591 - wasmer_vm_throw   11:     0x7ffff680d6d8 - BrotliDecoderSetParameter   12:     0x7ffff65583c8 - BrotliDecoderSetParameter   13:     0x7ffff88cd25f - BrotliDecoderVersion   14:     0x7ffff88892c8 - BrotliDecoderVersion   15:     0x7ffff88c8a80 - BrotliDecoderVersion   16:     0x7ffff79ec745 - BrotliDecoderVersion   17:     0x7ffff78e32e1 - BrotliDecoderVersion   18:     0x7ffff79ebeb3 - BrotliDecoderVersion   19:     0x7ffff7a12cbb - BrotliDecoderVersion   20:     0x7ffff79a5830 - BrotliDecoderVersion   21:     0x7ffff79a5de5 - BrotliDecoderVersion   22:     0x7ffff79a675a - BrotliDecoderVersion   23:     0x7ffff79a73d3 - BrotliDecoderVersion   24:     0x7ffff904b96f - napi_register_module_v1   25:     0x7ffff904a1e3 - napi_register_module_v1   26:     0x7ffff902914b - napi_register_module_v1   27:     0x7ffff9035dba - napi_register_module_v1   28:     0x7ffff90472a6 - napi_register_module_v1   29:     0x7ffff904e13a - napi_register_module_v1   30:     0x7ffff905354c - napi_register_module_v1   31:     0x7ffff9055195 - napi_register_module_v1   32:     0x7ffff901a2a7 - napi_register_module_v1   33:     0x7ffff905d1ec - napi_register_module_v1   34:     0x7ffff901bcfe - napi_register_module_v1   35:     0x7ffff902c2f4 - napi_register_module_v1   36:     0x7ffff90779bd - napi_register_module_v1   37:     0x7ff8d51ce8d7 - BaseThreadInitThunk   38:     0x7ff8d724c40c - RtlUserThreadStart System.Management.Automation.RemoteException thread 'tokio-runtime-worker' (11944) panicked at C:\actions-runner\_work\next.js\next.js\turbopack\crates\turbo-tasks-backend\src\backend\mod.rs:1526:13: Dependency tracking is disabled so invalidation is not allowed stack backtrace:    0:     0x7ffff90937b2 - napi_register_module_v1    1:     0x7ffff909b98a - napi_register_module_v1    2:     0x7ffff906b617 - napi_register_module_v1    3:     0x7ffff907ec65 - napi_register_module_v1    4:     0x7ffff9085149 - napi_register_module_v1    5:     0x7ffff9084f38 - napi_register_module_v1    6:     0x7ffff9085a0a - napi_register_module_v1    7:     0x7ffff9085762 - napi_register_module_v1    8:     0x7ffff907ee6f - napi_register_module_v1    9:     0x7ffff906738e - napi_register_module_v1   10:     0x7ffffb6a3591 - wasmer_vm_throw   11:     0x7ffff680d6d8 - BrotliDecoderSetParameter   12:     0x7ffff65583c8 - BrotliDecoderSetParameter   13:     0x7ffff88cd25f - BrotliDecoderVersion   14:     0x7ffff88892c8 - BrotliDecoderVersion   15:     0x7ffff88c8a80 - BrotliDecoderVersion   16:     0x7ffff79ec745 - BrotliDecoderVersion   17:     0x7ffff78e32e1 - BrotliDecoderVersion   18:     0x7ffff79ebeb3 - BrotliDecoderVersion   19:     0x7ffff7a12cbb - BrotliDecoderVersion   20:     0x7ffff79a5830 - BrotliDecoderVersion   21:     0x7ffff79a5de5 - BrotliDecoderVersion   22:     0x7ffff79a675a - BrotliDecoderVersion   23:     0x7ffff79a73d3 - BrotliDecoderVersion   24:     0x7ffff904b96f - napi_register_module_v1   25:     0x7ffff904a1e3 - napi_register_module_v1   26:     0x7ffff902914b - napi_register_module_v1   27:     0x7ffff9035dba - napi_register_module_v1   28:     0x7ffff90472a6 - napi_register_module_v1   29:     0x7ffff904e13a - napi_register_module_v1   30:     0x7ffff905354c - napi_register_module_v1   31:     0x7ffff9055195 - napi_register_module_v1   32:     0x7ffff901a2a7 - napi_register_module_v1   33:     0x7ffff905d1ec - napi_register_module_v1   34:     0x7ffff901bcfe - napi_register_module_v1   35:     0x7ffff902c2f4 - napi_register_module_v1   36:     0x7ffff90779bd - napi_register_module_v1   37:     0x7ff8d51ce8d7 - BaseThreadInitThunk   38:     0x7ff8d724c40c - RtlUserThreadStart System.Management.Automation.RemoteException ----- [1m[31mFATAL[39m[0m: An unexpected Turbopack error occurred. A panic log has been written to C:\Users\xmt20\AppData\Local\Temp\next-panic-4f819f258403e093b19e499d2fbfa9ff.log. System.Management.Automation.RemoteException To help make Turbopack better, report this error by ]8;;https://github.com/vercel/next.js/discussions/new?category=turbopack-error-report&title=Turbopack%20Error%3A%20Dependency%20tracking%20is%20disabled%20so%20invalidation%20is%20not%20allowed%20at%20C%3A%5Cactions-runner%5C_work%5Cnext.js%5Cnext.js%5Cturbopack%5Ccrates%5Cturbo-tasks-backend%5Csrc%5Cbackend%5Cmod.rs%3A1526%3A13&body=Turbopack%20version%3A%20%6023c46498%60%0ANext.js%20version%3A%20%600.0.0%60%0A%0AError%20message%3A%0A%60%60%60%0ADependency%20tracking%20is%20disabled%20so%20invalidation%20is%20not%20allowed%20at%20C%3A%5Cactions-runner%5C_work%5Cnext.js%5Cnext.js%5Cturbopack%5Ccrates%5Cturbo-tasks-backend%5Csrc%5Cbackend%5Cmod.rs%3A1526%3A13%0A%60%60%60&labels=Turbopack,Turbopack%20Panic%20Backtrace\clicking here.]8;;\ ----- System.Management.Automation.RemoteException System.Management.Automation.RemoteException > Build error occurred Error [TurbopackInternalError]: Dependency tracking is disabled so invalidation is not allowed at C:\actions-runner\_work\next.js\next.js\turbopack\crates\turbo-tasks-backend\src\backend\mod.rs:1526:13     at <unknown> (TurbopackInternalError: Dependency tracking is disabled so invalidation is not allowed at C:\actions-runner\_work\next.js\next.js\turbopack\crates\turbo-tasks-backend\src\backend\mod.rs:1526:13) {   type: 'TurbopackInternalError',   location: 'C:\\actions-runner\\_work\\next.js\\next.js\\turbopack\\crates\\turbo-tasks-backend\\src\\backend\\mod.rs:1526:13' } ?ELIFECYCLE? Command failed with exit code 1.

Exit Code: 1

